<?xml version="1.0" encoding="UTF-8"?>
<coverage generated="1730407072224" clover="3.2.0">
  <project timestamp="1730407072225" name="All files">
    <metrics statements="4" coveredstatements="2" conditionals="0" coveredconditionals="0" methods="1" coveredmethods="1" elements="5" coveredelements="3" complexity="0" loc="4" ncloc="4" packages="1" files="2" classes="2"/>
    <file name="App.js" path="D:\Uni\Mentorship\src\App.js">
      <metrics statements="2" coveredstatements="2" conditionals="0" coveredconditionals="0" methods="1" coveredmethods="1"/>
      <line num="3" count="1" type="stmt"/>
      <line num="4" count="1" type="stmt"/>
    </file>
    <file name="index.js" path="D:\Uni\Mentorship\src\index.js">
      <metrics statements="2" coveredstatements="0" conditionals="0" coveredconditionals="0" methods="0" coveredmethods="0"/>
      <line num="6" count="0" type="stmt"/>
      <line num="8" count="0" type="stmt"/>
    </file>
  </project>
</coverage>
