{"D:\\Uni\\Mentorship\\src\\App.js": {"path":"D:\\Uni\\Mentorship\\src\\App.js","statementMap":{"0":{"start":{"line":3,"column":12},"end":{"line":5,"column":1}},"1":{"start":{"line":4,"column":2},"end":{"line":4,"column":31}}},"fnMap":{"0":{"name":"(anonymous_0)","decl":{"start":{"line":3,"column":12},"end":{"line":3,"column":13}},"loc":{"start":{"line":3,"column":18},"end":{"line":5,"column":1}},"line":3}},"branchMap":{},"s":{"0":1,"1":1},"f":{"0":1},"b":{},"_coverageSchema":"1a1c01bbd47fc00a2c39e90264f33305004495a9","hash":"1963317057bea90fcc4d8e2075096df6b29ccc71"}
,"D:\\Uni\\Mentorship\\src\\index.js": {"path":"D:\\Uni\\Mentorship\\src\\index.js","statementMap":{"0":{"start":{"line":6,"column":11},"end":{"line":6,"column":42}},"1":{"start":{"line":8,"column":0},"end":{"line":8,"column":29}}},"fnMap":{},"branchMap":{},"s":{"0":0,"1":0},"f":{},"b":{}}
}
